Release 14.1 Xflow P.15xf (nt64)
Copyright (c) 1995-2012 Xilinx, Inc.  All rights reserved.
xflow.exe -wd implementation -p xc3s1000ft256-5 -implement xflow.opt
Practica2.ngc  
PMSPEC -- Overriding Xilinx file
<C:/software/electronica/xilinx/14.1/ISE_DS/EDK/spartan3/data/spartan3.acd> with
local file
<C:/software/electronica/xilinx/14.1/ISE_DS/ISE/spartan3/data/spartan3.acd>

Using Flow File: C:/hlocal/Practica5/implementation/fpga.flw 
Using Option File(s): 
 C:/hlocal/Practica5/implementation/xflow.opt 

Creating Script File ... 

#----------------------------------------------#
# Starting program ngdbuild
# ngdbuild -p xc3s1000ft256-5 -nt timestamp -bm Practica2.bmm
"C:/hlocal/Practica5/implementation/Practica2.ngc" -uc Practica2.ucf
Practica2.ngd 
#----------------------------------------------#
Release 14.1 - ngdbuild P.15xf (nt64)
Copyright (c) 1995-2012 Xilinx, Inc.  All rights reserved.
PMSPEC -- Overriding Xilinx file
<C:/software/electronica/xilinx/14.1/ISE_DS/EDK/spartan3/data/spartan3.acd> with
local file
<C:/software/electronica/xilinx/14.1/ISE_DS/ISE/spartan3/data/spartan3.acd>

Command Line:
C:\software\electronica\xilinx\14.1\ISE_DS\ISE\bin\nt64\unwrapped\ngdbuild.exe
-p xc3s1000ft256-5 -nt timestamp -bm Practica2.bmm
C:/hlocal/Practica5/implementation/Practica2.ngc -uc Practica2.ucf Practica2.ngd

Reading NGO file "C:/hlocal/Practica5/implementation/Practica2.ngc" ...
Loading design module
"C:/hlocal/Practica5/implementation/Practica2_microblaze_0_wrapper.ngc"...
Loading design module
"C:/hlocal/Practica5/implementation/Practica2_xps_bram_if_cntlr_0_wrapper.ngc"..
.
Loading design module
"C:/hlocal/Practica5/implementation/Practica2_bram_block_0_wrapper.ngc"...
Loading design module
"C:/hlocal/Practica5/implementation/Practica2_leds_wrapper.ngc"...
Loading design module
"C:/hlocal/Practica5/implementation/Practica2_switches_wrapper.ngc"...
Loading design module
"C:/hlocal/Practica5/implementation/Practica2_xps_uartlite_0_wrapper.ngc"...
Loading design module
"C:/hlocal/Practica5/implementation/Practica2_plb_v46_0_wrapper.ngc"...
Loading design module
"C:/hlocal/Practica5/implementation/Practica2_my_multiple_periferic_0_wrapper.ng
c"...
Loading design module
"C:/hlocal/Practica5/implementation/Practica2_my_lcd_0_wrapper.ngc"...
Gathering constraint information from source properties...
Done.

Annotating constraints to design from ucf file "Practica2.ucf" ...
Resolving constraint associations...
Checking Constraint Associations...
Done...

Processing BMM file "Practica2.bmm" ...

Checking expanded design ...
WARNING:NgdBuild:443 - SFF primitive
   'microblaze_0/microblaze_0/MicroBlaze_Core_I/Performance.Decode_I/Using_FPGA.
   Gen_Bits[31].MEM_EX_Result_Inst' has unconnected output pin
WARNING:NgdBuild:443 - SFF primitive
   'microblaze_0/microblaze_0/MicroBlaze_Core_I/Performance.Decode_I/Using_FPGA.
   Gen_Bits[30].MEM_EX_Result_Inst' has unconnected output pin
WARNING:NgdBuild:443 - SFF primitive
   'microblaze_0/microblaze_0/MicroBlaze_Core_I/Performance.Decode_I/Using_FPGA.
   Gen_Bits[29].MEM_EX_Result_Inst' has unconnected output pin
WARNING:NgdBuild:443 - SFF primitive
   'microblaze_0/microblaze_0/MicroBlaze_Core_I/Performance.Decode_I/Using_FPGA.
   Gen_Bits[28].MEM_EX_Result_Inst' has unconnected output pin
WARNING:NgdBuild:443 - SFF primitive
   'microblaze_0/microblaze_0/MicroBlaze_Core_I/Performance.Decode_I/Using_FPGA.
   Gen_Bits[27].MEM_EX_Result_Inst' has unconnected output pin
WARNING:NgdBuild:443 - SFF primitive
   'my_lcd_0/my_lcd_0/WRPFIFO_TOP_I/USE_BLOCK_RAM.I_DP_CONTROLLER/INCLUDE_VACANC
   Y.I_VAC_CALC/I_ADDSUB_GEN[0].Counter_Bit_I/FDRE_I' has unconnected output pin
WARNING:NgdBuild:443 - SFF primitive
   'my_lcd_0/my_lcd_0/WRPFIFO_TOP_I/USE_BLOCK_RAM.I_DP_CONTROLLER/INCLUDE_VACANC
   Y.I_VAC_CALC/I_ADDSUB_GEN[1].Counter_Bit_I/FDRE_I' has unconnected output pin
WARNING:NgdBuild:443 - SFF primitive
   'my_lcd_0/my_lcd_0/WRPFIFO_TOP_I/USE_BLOCK_RAM.I_DP_CONTROLLER/INCLUDE_VACANC
   Y.I_VAC_CALC/I_ADDSUB_GEN[2].Counter_Bit_I/FDRE_I' has unconnected output pin
WARNING:NgdBuild:443 - SFF primitive
   'my_lcd_0/my_lcd_0/WRPFIFO_TOP_I/USE_BLOCK_RAM.I_DP_CONTROLLER/INCLUDE_VACANC
   Y.I_VAC_CALC/I_ADDSUB_GEN[3].Counter_Bit_I/FDRE_I' has unconnected output pin
WARNING:NgdBuild:443 - SFF primitive
   'my_lcd_0/my_lcd_0/WRPFIFO_TOP_I/USE_BLOCK_RAM.I_DP_CONTROLLER/INCLUDE_VACANC
   Y.I_VAC_CALC/I_ADDSUB_GEN[4].Counter_Bit_I/FDRE_I' has unconnected output pin
WARNING:NgdBuild:443 - SFF primitive
   'my_lcd_0/my_lcd_0/WRPFIFO_TOP_I/USE_BLOCK_RAM.I_DP_CONTROLLER/INCLUDE_VACANC
   Y.I_VAC_CALC/I_ADDSUB_GEN[5].Counter_Bit_I/FDRE_I' has unconnected output pin
WARNING:NgdBuild:443 - SFF primitive
   'my_lcd_0/my_lcd_0/WRPFIFO_TOP_I/USE_BLOCK_RAM.I_DP_CONTROLLER/INCLUDE_VACANC
   Y.I_VAC_CALC/I_ADDSUB_GEN[6].Counter_Bit_I/FDRE_I' has unconnected output pin
WARNING:NgdBuild:443 - SFF primitive
   'my_lcd_0/my_lcd_0/WRPFIFO_TOP_I/USE_BLOCK_RAM.I_DP_CONTROLLER/INCLUDE_VACANC
   Y.I_VAC_CALC/I_ADDSUB_GEN[7].Counter_Bit_I/FDRE_I' has unconnected output pin
WARNING:NgdBuild:443 - SFF primitive
   'my_lcd_0/my_lcd_0/WRPFIFO_TOP_I/USE_BLOCK_RAM.I_DP_CONTROLLER/INCLUDE_VACANC
   Y.I_VAC_CALC/I_ADDSUB_GEN[8].Counter_Bit_I/FDRE_I' has unconnected output pin
WARNING:NgdBuild:443 - SFF primitive
   'my_lcd_0/my_lcd_0/WRPFIFO_TOP_I/USE_BLOCK_RAM.I_DP_CONTROLLER/INCLUDE_VACANC
   Y.I_VAC_CALC/I_ADDSUB_GEN[9].Counter_Bit_I/FDRE_I' has unconnected output pin
WARNING:NgdBuild:443 - SFF primitive
   'my_lcd_0/my_lcd_0/WRPFIFO_TOP_I/USE_BLOCK_RAM.I_DP_CONTROLLER/INCLUDE_PACKET
   _FEATURES.I_WRITE_ADDR_CNTR/I_UP_DWN_COUNTER/I_CARRY_OUT' has unconnected
   output pin
WARNING:NgdBuild:443 - SFF primitive
   'my_lcd_0/my_lcd_0/WRPFIFO_TOP_I/USE_BLOCK_RAM.I_DP_CONTROLLER/INCLUDE_PACKET
   _FEATURES.I_READ_ADDR_CNTR/I_UP_DWN_COUNTER/I_CARRY_OUT' has unconnected
   output pin
WARNING:NgdBuild:443 - SFF primitive
   'my_lcd_0/my_lcd_0/WRPFIFO_TOP_I/USE_BLOCK_RAM.I_DP_CONTROLLER/INCLUDE_PACKET
   _FEATURES.I_MARKREG_ADDR_CNTR/I_UP_DWN_COUNTER/I_CARRY_OUT' has unconnected
   output pin
WARNING:NgdBuild:443 - SFF primitive
   'my_lcd_0/my_lcd_0/RDPFIFO_TOP_I/USE_BLOCK_RAM.I_DP_CONTROLLER/INCLUDE_VACANC
   Y.I_VAC_CALC/I_ADDSUB_GEN[0].Counter_Bit_I/FDRE_I' has unconnected output pin
WARNING:NgdBuild:443 - SFF primitive
   'my_lcd_0/my_lcd_0/RDPFIFO_TOP_I/USE_BLOCK_RAM.I_DP_CONTROLLER/INCLUDE_VACANC
   Y.I_VAC_CALC/I_ADDSUB_GEN[1].Counter_Bit_I/FDRE_I' has unconnected output pin
WARNING:NgdBuild:443 - SFF primitive
   'my_lcd_0/my_lcd_0/RDPFIFO_TOP_I/USE_BLOCK_RAM.I_DP_CONTROLLER/INCLUDE_VACANC
   Y.I_VAC_CALC/I_ADDSUB_GEN[2].Counter_Bit_I/FDRE_I' has unconnected output pin
WARNING:NgdBuild:443 - SFF primitive
   'my_lcd_0/my_lcd_0/RDPFIFO_TOP_I/USE_BLOCK_RAM.I_DP_CONTROLLER/INCLUDE_VACANC
   Y.I_VAC_CALC/I_ADDSUB_GEN[3].Counter_Bit_I/FDRE_I' has unconnected output pin
WARNING:NgdBuild:443 - SFF primitive
   'my_lcd_0/my_lcd_0/RDPFIFO_TOP_I/USE_BLOCK_RAM.I_DP_CONTROLLER/INCLUDE_VACANC
   Y.I_VAC_CALC/I_ADDSUB_GEN[4].Counter_Bit_I/FDRE_I' has unconnected output pin
WARNING:NgdBuild:443 - SFF primitive
   'my_lcd_0/my_lcd_0/RDPFIFO_TOP_I/USE_BLOCK_RAM.I_DP_CONTROLLER/INCLUDE_VACANC
   Y.I_VAC_CALC/I_ADDSUB_GEN[5].Counter_Bit_I/FDRE_I' has unconnected output pin
WARNING:NgdBuild:443 - SFF primitive
   'my_lcd_0/my_lcd_0/RDPFIFO_TOP_I/USE_BLOCK_RAM.I_DP_CONTROLLER/INCLUDE_VACANC
   Y.I_VAC_CALC/I_ADDSUB_GEN[6].Counter_Bit_I/FDRE_I' has unconnected output pin
WARNING:NgdBuild:443 - SFF primitive
   'my_lcd_0/my_lcd_0/RDPFIFO_TOP_I/USE_BLOCK_RAM.I_DP_CONTROLLER/INCLUDE_VACANC
   Y.I_VAC_CALC/I_ADDSUB_GEN[7].Counter_Bit_I/FDRE_I' has unconnected output pin
WARNING:NgdBuild:443 - SFF primitive
   'my_lcd_0/my_lcd_0/RDPFIFO_TOP_I/USE_BLOCK_RAM.I_DP_CONTROLLER/INCLUDE_VACANC
   Y.I_VAC_CALC/I_ADDSUB_GEN[8].Counter_Bit_I/FDRE_I' has unconnected output pin
WARNING:NgdBuild:443 - SFF primitive
   'my_lcd_0/my_lcd_0/RDPFIFO_TOP_I/USE_BLOCK_RAM.I_DP_CONTROLLER/INCLUDE_VACANC
   Y.I_VAC_CALC/I_ADDSUB_GEN[9].Counter_Bit_I/FDRE_I' has unconnected output pin
WARNING:NgdBuild:443 - SFF primitive
   'my_lcd_0/my_lcd_0/RDPFIFO_TOP_I/USE_BLOCK_RAM.I_DP_CONTROLLER/INCLUDE_PACKET
   _FEATURES.I_WRITE_ADDR_CNTR/I_UP_DWN_COUNTER/I_CARRY_OUT' has unconnected
   output pin
WARNING:NgdBuild:443 - SFF primitive
   'my_lcd_0/my_lcd_0/RDPFIFO_TOP_I/USE_BLOCK_RAM.I_DP_CONTROLLER/INCLUDE_PACKET
   _FEATURES.I_READ_ADDR_CNTR/I_UP_DWN_COUNTER/I_CARRY_OUT' has unconnected
   output pin
WARNING:NgdBuild:443 - SFF primitive
   'my_lcd_0/my_lcd_0/RDPFIFO_TOP_I/USE_BLOCK_RAM.I_DP_CONTROLLER/INCLUDE_PACKET
   _FEATURES.I_MARKREG_ADDR_CNTR/I_UP_DWN_COUNTER/I_CARRY_OUT' has unconnected
   output pin

Partition Implementation Status
-------------------------------

  No Partitions were found in this design.

-------------------------------

NGDBUILD Design Results Summary:
  Number of errors:     0
  Number of warnings:  31

Writing NGD file "Practica2.ngd" ...
Total REAL time to NGDBUILD completion:  13 sec
Total CPU time to NGDBUILD completion:   12 sec

Writing NGDBUILD log file "Practica2.bld"...

NGDBUILD done.



#----------------------------------------------#
# Starting program map
# map -o Practica2_map.ncd -pr b -ol high -timing -detail Practica2.ngd
Practica2.pcf 
#----------------------------------------------#
Release 14.1 - Map P.15xf (nt64)
Copyright (c) 1995-2012 Xilinx, Inc.  All rights reserved.
PMSPEC -- Overriding Xilinx file
<C:/software/electronica/xilinx/14.1/ISE_DS/EDK/data/Xdh_PrimTypeLib.xda> with
local file
<C:/software/electronica/xilinx/14.1/ISE_DS/ISE/data/Xdh_PrimTypeLib.xda>
Using target part "3s1000ft256-5".
vvvvvvvvvvvvvvvvvvvvvvvvvvvvvvvvvvvvvvvvvvvvvvvvvvvvvvvvvvvvvvvvvvvvvv
INFO:Security:50 - The XILINXD_LICENSE_FILE environment variable is set to
'1717@fdilicencias1.fdi.ucm.es;2100@fdilicencias1.fdi.ucm.es'.
INFO:Security:52 - The LM_LICENSE_FILE environment variable is set to
'1717@fdilicencias1.fdi.ucm.es;2100@fdilicencias1.fdi.ucm.es'.
INFO:Security:54 - 'xc3s1000' is a WebPack part.
WARNING:Security:43 - No license file was found in the standard Xilinx license
directory.
WARNING:Security:44 - Since no license file was found,
       please run the Xilinx License Configuration Manager
       (xlcm or "Manage Xilinx Licenses")
       to assist in obtaining a license.
WARNING:Security:42 - Your software subscription period has lapsed. Your current
version of Xilinx tools will continue to function, but you no longer qualify for
Xilinx software updates or new releases.
----------------------------------------------------------------------
Mapping design into LUTs...
Writing file Practica2_map.ngm...
Running directed packing...
Running delay-based LUT packing...
Updating timing models...
Running timing-driven placement...
Total REAL time at the beginning of Placer: 3 secs 
Total CPU  time at the beginning of Placer: 3 secs 

Phase 1.1  Initial Placement Analysis
Phase 1.1  Initial Placement Analysis (Checksum:859adf56) REAL time: 5 secs 

Phase 2.7  Design Feasibility Check
Phase 2.7  Design Feasibility Check (Checksum:859adf56) REAL time: 5 secs 

Phase 3.31  Local Placement Optimization
Phase 3.31  Local Placement Optimization (Checksum:859adf56) REAL time: 5 secs 

Phase 4.2  Initial Clock and IO Placement

Phase 4.2  Initial Clock and IO Placement (Checksum:cad99afb) REAL time: 5 secs 

Phase 5.36  Local Placement Optimization
Phase 5.36  Local Placement Optimization (Checksum:cad99afb) REAL time: 5 secs 

Phase 6.4  Local Placement Optimization
................................
....................
Phase 6.4  Local Placement Optimization (Checksum:cad99afb) REAL time: 8 secs 

Phase 7.28  Local Placement Optimization
Phase 7.28  Local Placement Optimization (Checksum:cad99afb) REAL time: 8 secs 

Phase 8.8  Global Placement
.................................
..................................
........
......................................................................
..............................
............................................
Phase 8.8  Global Placement (Checksum:29af7f21) REAL time: 13 secs 

Phase 9.29  Local Placement Optimization
Phase 9.29  Local Placement Optimization (Checksum:29af7f21) REAL time: 13 secs 

Phase 10.5  Local Placement Optimization
Phase 10.5  Local Placement Optimization (Checksum:29af7f21) REAL time: 13 secs 

Phase 11.18  Placement Optimization
Phase 11.18  Placement Optimization (Checksum:d3588486) REAL time: 21 secs 

Phase 12.5  Local Placement Optimization
Phase 12.5  Local Placement Optimization (Checksum:d3588486) REAL time: 21 secs 

Total REAL time to Placer completion: 21 secs 
Total CPU  time to Placer completion: 21 secs 
Running post-placement packing...

Design Summary:
Number of errors:      0
Number of warnings:    0
Logic Utilization:
  Number of Slice Flip Flops:         1,652 out of  15,360   10%
  Number of 4 input LUTs:             2,962 out of  15,360   19%
Logic Distribution:
  Number of occupied Slices:          2,104 out of   7,680   27%
    Number of Slices containing only related logic:   2,104 out of   2,104 100%
    Number of Slices containing unrelated logic:          0 out of   2,104   0%
      *See NOTES below for an explanation of the effects of unrelated logic.
  Total Number of 4 input LUTs:       3,114 out of  15,360   20%
    Number used as logic:             2,494
    Number used as a route-thru:        152
    Number used for Dual Port RAMs:     384
      (Two LUTs used per Dual Port RAM)
    Number used as Shift registers:      84

  The Slice Logic Distribution report is not meaningful if the design is
  over-mapped for a non-slice resource or if Placement fails.

  Number of bonded IOBs:                 28 out of     173   16%
    IOB Flip Flops:                       4
  Number of RAMB16s:                     18 out of      24   75%
  Number of MULT18X18s:                   3 out of      24   12%
  Number of BUFGMUXs:                     2 out of       8   25%

Average Fanout of Non-Clock Nets:                3.86

Peak Memory Usage:  4538 MB
Total REAL time to MAP completion:  22 secs 
Total CPU time to MAP completion:   22 secs 

Mapping completed.
See MAP report file "Practica2_map.mrp" for details.



#----------------------------------------------#
# Starting program par
# par -w -ol high Practica2_map.ncd Practica2.ncd Practica2.pcf 
#----------------------------------------------#
Release 14.1 - par P.15xf (nt64)
Copyright (c) 1995-2012 Xilinx, Inc.  All rights reserved.
PMSPEC -- Overriding Xilinx file <C:/software/electronica/xilinx/14.1/ISE_DS/EDK/data/parBmgr.acd> with local file
<C:/software/electronica/xilinx/14.1/ISE_DS/ISE/data/parBmgr.acd>



Constraints file: Practica2.pcf.
Loading device for application Rf_Device from file '3s1000.nph' in environment
C:\software\electronica\xilinx\14.1\ISE_DS\ISE\;C:\software\electronica\xilinx\14.1\ISE_DS\EDK.
   "Practica2" is an NCD, version 3.2, device xc3s1000, package ft256, speed -5
vvvvvvvvvvvvvvvvvvvvvvvvvvvvvvvvvvvvvvvvvvvvvvvvvvvvvvvvvvvvvvvvvvvvvv
INFO:Security:50 - The XILINXD_LICENSE_FILE environment variable is set to
'1717@fdilicencias1.fdi.ucm.es;2100@fdilicencias1.fdi.ucm.es'.
INFO:Security:52 - The LM_LICENSE_FILE environment variable is set to
'1717@fdilicencias1.fdi.ucm.es;2100@fdilicencias1.fdi.ucm.es'.
INFO:Security:54 - 'xc3s1000' is a WebPack part.
WARNING:Security:43 - No license file was found in the standard Xilinx license directory.
WARNING:Security:44 - Since no license file was found,
       please run the Xilinx License Configuration Manager
       (xlcm or "Manage Xilinx Licenses")
       to assist in obtaining a license.
WARNING:Security:42 - Your software subscription period has lapsed. Your current version of Xilinx tools will continue
to function, but you no longer qualify for Xilinx software updates or new releases.

----------------------------------------------------------------------

Initializing temperature to 85.000 Celsius. (default - Range: 0.000 to 85.000 Celsius)
Initializing voltage to 1.140 Volts. (default - Range: 1.140 to 1.260 Volts)

INFO:Par:282 - No user timing constraints were detected or you have set the option to ignore timing constraints ("par
   -x"). Place and Route will run in "Performance Evaluation Mode" to automatically improve the performance of all
   internal clocks in this design. Because there are not defined timing requirements, a timing score will not be
   reported in the PAR report in this mode. The PAR timing summary will list the performance achieved for each clock.
   Note: For the fastest runtime, set the effort level to "std".  For best performance, set the effort level to "high".

Device speed data version:  "PRODUCTION 1.39 2012-04-23".



Device Utilization Summary:

   Number of BUFGMUXs                        2 out of 8      25%
   Number of External IOBs                  28 out of 173    16%
      Number of LOCed IOBs                  28 out of 28    100%

   Number of MULT18X18s                      3 out of 24     12%
   Number of RAMB16s                        18 out of 24     75%
   Number of Slices                       2104 out of 7680   27%
      Number of SLICEMs                    236 out of 3840    6%



Overall effort level (-ol):   High 
Router effort level (-rl):    High 

Starting initial Timing Analysis.  REAL time: 2 secs 
Finished initial Timing Analysis.  REAL time: 2 secs 

WARNING:Par:288 - The signal xps_bram_if_cntlr_0_PORTA_BRAM_Addr<0> has no load.  PAR will not attempt to route this
   signal.
WARNING:Par:288 - The signal xps_bram_if_cntlr_0_PORTA_BRAM_Addr<1> has no load.  PAR will not attempt to route this
   signal.
WARNING:Par:288 - The signal xps_bram_if_cntlr_0_PORTA_BRAM_Addr<2> has no load.  PAR will not attempt to route this
   signal.
WARNING:Par:288 - The signal xps_bram_if_cntlr_0_PORTA_BRAM_Addr<3> has no load.  PAR will not attempt to route this
   signal.
WARNING:Par:288 - The signal xps_bram_if_cntlr_0_PORTA_BRAM_Addr<4> has no load.  PAR will not attempt to route this
   signal.
WARNING:Par:288 - The signal xps_bram_if_cntlr_0_PORTA_BRAM_Addr<5> has no load.  PAR will not attempt to route this
   signal.
WARNING:Par:288 - The signal xps_bram_if_cntlr_0_PORTA_BRAM_Addr<6> has no load.  PAR will not attempt to route this
   signal.
WARNING:Par:288 - The signal xps_bram_if_cntlr_0_PORTA_BRAM_Addr<7> has no load.  PAR will not attempt to route this
   signal.
WARNING:Par:288 - The signal xps_bram_if_cntlr_0_PORTA_BRAM_Addr<8> has no load.  PAR will not attempt to route this
   signal.
WARNING:Par:288 - The signal xps_bram_if_cntlr_0_PORTA_BRAM_Addr<9> has no load.  PAR will not attempt to route this
   signal.
WARNING:Par:288 - The signal xps_bram_if_cntlr_0_PORTA_BRAM_Addr<10> has no load.  PAR will not attempt to route this
   signal.
WARNING:Par:288 - The signal xps_bram_if_cntlr_0_PORTA_BRAM_Addr<11> has no load.  PAR will not attempt to route this
   signal.
WARNING:Par:288 - The signal xps_bram_if_cntlr_0_PORTA_BRAM_Addr<12> has no load.  PAR will not attempt to route this
   signal.
WARNING:Par:288 - The signal xps_bram_if_cntlr_0_PORTA_BRAM_Addr<13> has no load.  PAR will not attempt to route this
   signal.
WARNING:Par:288 - The signal xps_bram_if_cntlr_0_PORTA_BRAM_Addr<14> has no load.  PAR will not attempt to route this
   signal.
WARNING:Par:288 - The signal xps_bram_if_cntlr_0_PORTA_BRAM_Addr<15> has no load.  PAR will not attempt to route this
   signal.
WARNING:Par:288 - The signal xps_bram_if_cntlr_0_PORTA_BRAM_Addr<16> has no load.  PAR will not attempt to route this
   signal.
WARNING:Par:288 - The signal xps_bram_if_cntlr_0_PORTA_BRAM_Addr<30> has no load.  PAR will not attempt to route this
   signal.
WARNING:Par:288 - The signal xps_bram_if_cntlr_0_PORTA_BRAM_Addr<31> has no load.  PAR will not attempt to route this
   signal.
WARNING:Par:288 - The signal bram_block_0/BRAM_Din_B<0> has no load.  PAR will not attempt to route this signal.
WARNING:Par:288 - The signal bram_block_0/BRAM_Din_B<1> has no load.  PAR will not attempt to route this signal.
WARNING:Par:288 - The signal bram_block_0/BRAM_Din_B<2> has no load.  PAR will not attempt to route this signal.
WARNING:Par:288 - The signal bram_block_0/BRAM_Din_B<3> has no load.  PAR will not attempt to route this signal.
WARNING:Par:288 - The signal bram_block_0/BRAM_Din_B<4> has no load.  PAR will not attempt to route this signal.
WARNING:Par:288 - The signal bram_block_0/BRAM_Din_B<5> has no load.  PAR will not attempt to route this signal.
WARNING:Par:288 - The signal bram_block_0/BRAM_Din_B<6> has no load.  PAR will not attempt to route this signal.
WARNING:Par:288 - The signal bram_block_0/BRAM_Din_B<7> has no load.  PAR will not attempt to route this signal.
WARNING:Par:288 - The signal bram_block_0/BRAM_Din_B<8> has no load.  PAR will not attempt to route this signal.
WARNING:Par:288 - The signal bram_block_0/BRAM_Din_B<9> has no load.  PAR will not attempt to route this signal.
WARNING:Par:288 - The signal bram_block_0/BRAM_Din_B<10> has no load.  PAR will not attempt to route this signal.
WARNING:Par:288 - The signal bram_block_0/BRAM_Din_B<11> has no load.  PAR will not attempt to route this signal.
WARNING:Par:288 - The signal bram_block_0/BRAM_Din_B<12> has no load.  PAR will not attempt to route this signal.
WARNING:Par:288 - The signal bram_block_0/BRAM_Din_B<13> has no load.  PAR will not attempt to route this signal.
WARNING:Par:288 - The signal bram_block_0/BRAM_Din_B<14> has no load.  PAR will not attempt to route this signal.
WARNING:Par:288 - The signal bram_block_0/BRAM_Din_B<15> has no load.  PAR will not attempt to route this signal.
WARNING:Par:288 - The signal bram_block_0/BRAM_Din_B<16> has no load.  PAR will not attempt to route this signal.
WARNING:Par:288 - The signal bram_block_0/BRAM_Din_B<17> has no load.  PAR will not attempt to route this signal.
WARNING:Par:288 - The signal bram_block_0/BRAM_Din_B<18> has no load.  PAR will not attempt to route this signal.
WARNING:Par:288 - The signal bram_block_0/BRAM_Din_B<19> has no load.  PAR will not attempt to route this signal.
WARNING:Par:288 - The signal bram_block_0/BRAM_Din_B<20> has no load.  PAR will not attempt to route this signal.
WARNING:Par:288 - The signal bram_block_0/BRAM_Din_B<21> has no load.  PAR will not attempt to route this signal.
WARNING:Par:288 - The signal bram_block_0/BRAM_Din_B<22> has no load.  PAR will not attempt to route this signal.
WARNING:Par:288 - The signal bram_block_0/BRAM_Din_B<23> has no load.  PAR will not attempt to route this signal.
WARNING:Par:288 - The signal bram_block_0/BRAM_Din_B<24> has no load.  PAR will not attempt to route this signal.
WARNING:Par:288 - The signal bram_block_0/BRAM_Din_B<25> has no load.  PAR will not attempt to route this signal.
WARNING:Par:288 - The signal bram_block_0/BRAM_Din_B<26> has no load.  PAR will not attempt to route this signal.
WARNING:Par:288 - The signal bram_block_0/BRAM_Din_B<27> has no load.  PAR will not attempt to route this signal.
WARNING:Par:288 - The signal bram_block_0/BRAM_Din_B<28> has no load.  PAR will not attempt to route this signal.
WARNING:Par:288 - The signal bram_block_0/BRAM_Din_B<29> has no load.  PAR will not attempt to route this signal.
WARNING:Par:288 - The signal bram_block_0/BRAM_Din_B<30> has no load.  PAR will not attempt to route this signal.
WARNING:Par:288 - The signal bram_block_0/BRAM_Din_B<31> has no load.  PAR will not attempt to route this signal.
Starting Router


Phase  1  : 16340 unrouted;      REAL time: 3 secs 

Phase  2  : 14419 unrouted;      REAL time: 4 secs 

Phase  3  : 4190 unrouted;      REAL time: 5 secs 

Phase  4  : 4632 unrouted; (Par is working to improve performance)     REAL time: 6 secs 

Phase  5  : 0 unrouted; (Par is working to improve performance)     REAL time: 11 secs 

Updating file: Practica2.ncd with current fully routed design.

Phase  6  : 0 unrouted; (Par is working to improve performance)     REAL time: 12 secs 

Phase  7  : 0 unrouted; (Par is working to improve performance)     REAL time: 14 secs 

Phase  8  : 0 unrouted; (Par is working to improve performance)     REAL time: 15 secs 

Phase  9  : 0 unrouted; (Par is working to improve performance)     REAL time: 15 secs 
WARNING:Route:455 - CLK Net:my_multiple_periferic_0/my_multiple_periferic_0/USER_LOGIC_I/divisor_frec/co may have
   excessive skew because 
      0 CLK pins and 2 NON_CLK pins failed to route using a CLK template.

Total REAL time to Router completion: 15 secs 
Total CPU time to Router completion: 13 secs 

Partition Implementation Status
-------------------------------

  No Partitions were found in this design.

-------------------------------

Generating "PAR" statistics.

**************************
Generating Clock Report
**************************

+---------------------+--------------+------+------+------------+-------------+
|        Clock Net    |   Resource   |Locked|Fanout|Net Skew(ns)|Max Delay(ns)|
+---------------------+--------------+------+------+------------+-------------+
|       Clk_pin_BUFGP |      BUFGMUX3| No   | 1580 |  0.433     |  1.047      |
+---------------------+--------------+------+------+------------+-------------+
|my_multiple_periferi |              |      |      |            |             |
|c_0/my_multiple_peri |              |      |      |            |             |
|feric_0/USER_LOGIC_I |              |      |      |            |             |
|            /reloj12 |      BUFGMUX4| No   |   22 |  0.200     |  0.849      |
+---------------------+--------------+------+------+------------+-------------+
|my_multiple_periferi |              |      |      |            |             |
|c_0/my_multiple_peri |              |      |      |            |             |
|feric_0/USER_LOGIC_I |              |      |      |            |             |
|    /divisor_frec/co |         Local|      |    4 |  0.019     |  3.073      |
+---------------------+--------------+------+------+------------+-------------+

* Net Skew is the difference between the minimum and maximum routing
only delays for the net. Note this is different from Clock Skew which
is reported in TRCE timing report. Clock Skew is the difference between
the minimum and maximum path delays which includes logic delays.

* The fanout is the number of component pins not the individual BEL loads,
for example SLICE loads not FF loads.

Timing Score: 0 (Setup: 0, Hold: 0)

Asterisk (*) preceding a constraint indicates it was not met.
   This may be due to a setup or hold violation.

----------------------------------------------------------------------------------------------------------
  Constraint                                |    Check    | Worst Case |  Best Case | Timing |   Timing   
                                            |             |    Slack   | Achievable | Errors |    Score   
----------------------------------------------------------------------------------------------------------
  Autotimespec constraint for clock net Clk | SETUP       |         N/A|    11.149ns|     N/A|           0
  _pin_BUFGP                                | HOLD        |     0.648ns|            |       0|           0
----------------------------------------------------------------------------------------------------------
  Autotimespec constraint for clock net my_ | SETUP       |         N/A|     5.160ns|     N/A|           0
  multiple_periferic_0/my_multiple_periferi | HOLD        |     0.826ns|            |       0|           0
  c_0/USER_LOGIC_I/reloj12                  |             |            |            |        |            
----------------------------------------------------------------------------------------------------------
  Autotimespec constraint for clock net my_ | SETUP       |         N/A|     1.932ns|     N/A|           0
  multiple_periferic_0/my_multiple_periferi | HOLD        |     0.611ns|            |       0|           0
  c_0/USER_LOGIC_I/divisor_frec/co          |             |            |            |        |            
----------------------------------------------------------------------------------------------------------


All constraints were met.
INFO:Timing:2761 - N/A entries in the Constraints List may indicate that the 
   constraint is not analyzed due to the following: No paths covered by this 
   constraint; Other constraints intersect with this constraint; or This 
   constraint was disabled by a Path Tracing Control. Please run the Timespec 
   Interaction Report (TSI) via command line (trce tsi) or Timing Analyzer GUI.


Generating Pad Report.

All signals are completely routed.

WARNING:Par:283 - There are 51 loadless signals in this design. This design will cause Bitgen to issue DRC warnings.

Total REAL time to PAR completion: 16 secs 
Total CPU time to PAR completion: 14 secs 

Peak Memory Usage:  4490 MB

Placer: Placement generated during map.
Routing: Completed - No errors found.

Number of error messages: 0
Number of warning messages: 54
Number of info messages: 1

Writing design to file Practica2.ncd



PAR done!



#----------------------------------------------#
# Starting program post_par_trce
# trce -e 3 -xml Practica2.twx Practica2.ncd Practica2.pcf 
#----------------------------------------------#
Release 14.1 - Trace  (nt64)
Copyright (c) 1995-2012 Xilinx, Inc.  All rights reserved.


PMSPEC -- Overriding Xilinx file
<C:/software/electronica/xilinx/14.1/ISE_DS/EDK/spartan3/data/spartan3.acd> with
local file
<C:/software/electronica/xilinx/14.1/ISE_DS/ISE/spartan3/data/spartan3.acd>
Loading device for application Rf_Device from file '3s1000.nph' in environment
C:\software\electronica\xilinx\14.1\ISE_DS\ISE\;C:\software\electronica\xilinx\1
4.1\ISE_DS\EDK.
   "Practica2" is an NCD, version 3.2, device xc3s1000, package ft256, speed -5
INFO:Timing:2698 - No timing constraints found, doing default enumeration.
--------------------------------------------------------------------------------
Release 14.1 Trace  (nt64)
Copyright (c) 1995-2012 Xilinx, Inc.  All rights reserved.

C:\software\electronica\xilinx\14.1\ISE_DS\ISE\bin\nt64\unwrapped\trce.exe -e 3
-xml Practica2.twx Practica2.ncd Practica2.pcf


Design file:              Practica2.ncd
Physical constraint file: Practica2.pcf
Device,speed:             xc3s1000,-5 (PRODUCTION 1.39 2012-04-23)
Report level:             error report
--------------------------------------------------------------------------------

INFO:Timing:3412 - To improve timing, see the Timing Closure User Guide (UG612).
INFO:Timing:2752 - To get complete path coverage, use the unconstrained paths
   option. All paths that are not constrained will be reported in the
   unconstrained paths section(s) of the report.
INFO:Timing:3339 - The clock-to-out numbers in this timing report are based on a
   50 Ohm transmission line loading model.  For the details of this model, and
   for more information on accounting for different loading conditions, please
   see the device datasheet.
INFO:Timing:3390 - This architecture does not support a default System Jitter
   value, please add SYSTEM_JITTER constraint to the UCF to modify the Clock
   Uncertainty calculation.
INFO:Timing:3389 - This architecture does not support 'Discrete Jitter' and
   'Phase Error' calculations, these terms will be zero in the Clock Uncertainty
   calculation.  Please make appropriate modification to SYSTEM_JITTER to
   account for the unsupported Discrete Jitter and Phase Error.

Analysis completed Mon Dec 20 17:11:22 2021
--------------------------------------------------------------------------------

Generating Report ...

Number of warnings: 0
Number of info messages: 6
Total time: 1 secs 


